<?xml version="1.0" encoding="UTF-8"?>
<testsuite xmlns:xsi="http://www.w3.org/2001/XMLSchema-instance" xsi:noNamespaceSchemaLocation="https://maven.apache.org/surefire/maven-surefire-plugin/xsd/surefire-test-report-3.0.xsd" version="3.0" name="com.example.minor_project.MinorProjectApplicationTests" time="6.93" tests="1" errors="0" skipped="0" failures="0">
  <properties>
[...]
</properties>
  <testcase name="contextLoads" classname="com.example.minor_project.MinorProjectApplicationTests" time="0.834">
    <system-out><![CDATA[18:18:10.160 [main] INFO org.springframework.test.context.support.AnnotationConfigContextLoaderUtils -- Could not detect default configuration classes for test class [com.example.minor_project.MinorProjectApplicationTests]: MinorProjectApplicationTests does not declare any static, non-private, non-final, nested classes annotated with @Configuration.
18:18:10.277 [main] INFO org.springframework.boot.test.context.SpringBootTestContextBootstrapper -- Found @SpringBootConfiguration com.example.minor_project.MinorProjectApplication for test class com.example.minor_project.MinorProjectApplicationTests

  .   ____          _            __ _ _
 /\\ / ___'_ __ _ _(_)_ __  __ _ \ \ \ \
( ( )\___ | '_ | '_| | '_ \/ _` | \ \ \ \
 \\/  ___)| |_)| | | | | || (_| |  ) ) ) )
  '  |____| .__|_| |_|_| |_\__, | / / / /
 =========|_|==============|___/=/_/_/_/

 :: Spring Boot ::                (v3.3.2)

2024-08-20T18:18:10.719+05:30  INFO 13321 --- [minor-project] [           main] c.e.m.MinorProjectApplicationTests       : Starting MinorProjectApplicationTests using Java 21.0.4 with PID 13321 (started by sulaksh.sanjeevsharma in /Users/sulaksh.sanjeevsharma/Downloads/minor-project)
2024-08-20T18:18:10.720+05:30  INFO 13321 --- [minor-project] [           main] c.e.m.MinorProjectApplicationTests       : No active profile set, falling back to 1 default profile: "default"
2024-08-20T18:18:11.956+05:30  INFO 13321 --- [minor-project] [           main] .s.d.r.c.RepositoryConfigurationDelegate : Bootstrapping Spring Data JPA repositories in DEFAULT mode.
2024-08-20T18:18:12.052+05:30  INFO 13321 --- [minor-project] [           main] .s.d.r.c.RepositoryConfigurationDelegate : Finished Spring Data repository scanning in 89 ms. Found 4 JPA repository interfaces.
2024-08-20T18:18:12.754+05:30  INFO 13321 --- [minor-project] [           main] o.hibernate.jpa.internal.util.LogHelper  : HHH000204: Processing PersistenceUnitInfo [name: default]
2024-08-20T18:18:12.786+05:30  INFO 13321 --- [minor-project] [           main] org.hibernate.Version                    : HHH000412: Hibernate ORM core version 6.5.2.Final
2024-08-20T18:18:12.800+05:30  INFO 13321 --- [minor-project] [           main] o.h.c.internal.RegionFactoryInitiator    : HHH000026: Second-level cache disabled
2024-08-20T18:18:13.149+05:30  INFO 13321 --- [minor-project] [           main] o.s.o.j.p.SpringPersistenceUnitInfo      : No LoadTimeWeaver setup: ignoring JPA class transformer
2024-08-20T18:18:13.164+05:30  INFO 13321 --- [minor-project] [           main] com.zaxxer.hikari.HikariDataSource       : HikariPool-1 - Starting...
2024-08-20T18:18:13.263+05:30  INFO 13321 --- [minor-project] [           main] com.zaxxer.hikari.pool.HikariPool        : HikariPool-1 - Added connection org.postgresql.jdbc.PgConnection@5dc7841c
2024-08-20T18:18:13.264+05:30  INFO 13321 --- [minor-project] [           main] com.zaxxer.hikari.HikariDataSource       : HikariPool-1 - Start completed.
2024-08-20T18:18:13.301+05:30  WARN 13321 --- [minor-project] [           main] org.hibernate.orm.deprecation            : HHH90000025: PostgreSQLDialect does not need to be specified explicitly using 'hibernate.dialect' (remove the property setting and it will be selected by default)
2024-08-20T18:18:14.225+05:30  INFO 13321 --- [minor-project] [           main] o.h.e.t.j.p.i.JtaPlatformInitiator       : HHH000489: No JTA platform available (set 'hibernate.transaction.jta.platform' to enable JTA platform integration)
2024-08-20T18:18:14.327+05:30  INFO 13321 --- [minor-project] [           main] j.LocalContainerEntityManagerFactoryBean : Initialized JPA EntityManagerFactory for persistence unit 'default'
2024-08-20T18:18:15.461+05:30  WARN 13321 --- [minor-project] [           main] JpaBaseConfiguration$JpaWebConfiguration : spring.jpa.open-in-view is enabled by default. Therefore, database queries may be performed during view rendering. Explicitly configure spring.jpa.open-in-view to disable this warning
2024-08-20T18:18:16.017+05:30  INFO 13321 --- [minor-project] [   scheduling-1] c.e.m.controller.AdminController         : Marking visit as expired!
2024-08-20T18:18:16.021+05:30  INFO 13321 --- [minor-project] [           main] c.e.m.MinorProjectApplicationTests       : Started MinorProjectApplicationTests in 5.643 seconds (process running for 6.827)
Hibernate: select v1_0.id,v1_0.create_date,v1_0.created_date,v1_0.flat_id,v1_0.image_url,v1_0.in_time,v1_0.no_of_people,v1_0.out_time,v1_0.purpose,v1_0.update_date,v1_0.updated_date,v1_0.visit_status,v1_0.visitor_id from visit v1_0 where v1_0.visit_status=? and v1_0.created_date<=?
]]></system-out>
    <system-err><![CDATA[WARNING: A Java agent has been loaded dynamically (/Users/sulaksh.sanjeevsharma/.m2/repository/net/bytebuddy/byte-buddy-agent/1.14.18/byte-buddy-agent-1.14.18.jar)
WARNING: If a serviceability tool is in use, please run with -XX:+EnableDynamicAgentLoading to hide this warning
WARNING: If a serviceability tool is not in use, please run with -Djdk.instrument.traceUsage for more information
WARNING: Dynamic loading of agents will be disallowed by default in a future release
]]></system-err>
  </testcase>
</testsuite>